<?xml version="1.0" encoding="UTF-8"?>
<!-- Generated by org.testng.reporters.JUnitReportReporter -->
<testsuite hostname="LAPTOP-J6V7M0GL" failures="0" tests="3" name="SeleniumTraining.exceldataProvider" time="0.020" errors="0" timestamp="2024-04-05T18:39:28 IST" skipped="0">
  <testcase classname="SeleniumTraining.exceldataProvider" name="testCaseData" time="0.007"/>
  <system-out/>
  <testcase classname="SeleniumTraining.exceldataProvider" name="testCaseData" time="0.003"/>
  <system-out/>
  <testcase classname="SeleniumTraining.exceldataProvider" name="testCaseData" time="0.010"/>
  <system-out/>
</testsuite> <!-- SeleniumTraining.exceldataProvider -->
